C:\Program Files (x86)\Microsoft Visual Studio\2019\Community\MSBuild\Microsoft\VC\v160\Microsoft.CppBuild.targets(452,5): warning MSB8028: The intermediate directory (x64\Debug\) contains files shared from another project (마트관리ver2.vcxproj).  This can lead to incorrect clean and rebuild behavior.
  Queue.cpp
  Record.cpp
  Table.cpp
  main.cpp
D:\Programing\Cpp\마트관리시스템_최종\Mart_DataProcess\Queue.cpp(96,8): warning C4101:  'Category' :참조되지 않은 지역 변수입니다.
D:\Programing\Cpp\마트관리시스템_최종\Mart_DataProcess\main.cpp(201,32): warning C4101:  'Number' :참조되지 않은 지역 변수입니다.
D:\Programing\Cpp\마트관리시스템_최종\Mart_DataProcess\main.cpp(201,44): warning C4101:  'Quantity' :참조되지 않은 지역 변수입니다.
D:\Programing\Cpp\마트관리시스템_최종\Mart_DataProcess\main.cpp(220,1): warning C4996:  'itoa': The POSIX name for this item is deprecated. Instead, use the ISO C and C++ conformant name: _itoa. See online help for details.
C:\Program Files (x86)\Windows Kits\10\Include\10.0.18362.0\ucrt\stdlib.h(1323): message :  'itoa' 선언을 참조하십시오.
D:\Programing\Cpp\마트관리시스템_최종\Mart_DataProcess\main.cpp(232,1): warning C4996:  'itoa': The POSIX name for this item is deprecated. Instead, use the ISO C and C++ conformant name: _itoa. See online help for details.
C:\Program Files (x86)\Windows Kits\10\Include\10.0.18362.0\ucrt\stdlib.h(1323): message :  'itoa' 선언을 참조하십시오.
D:\Programing\Cpp\마트관리시스템_최종\Mart_DataProcess\main.cpp(257,1): warning C4996:  'strcpy': This function or variable may be unsafe. Consider using strcpy_s instead. To disable deprecation, use _CRT_SECURE_NO_WARNINGS. See online help for details.
C:\Program Files (x86)\Windows Kits\10\Include\10.0.18362.0\ucrt\string.h(133): message :  'strcpy' 선언을 참조하십시오.
D:\Programing\Cpp\마트관리시스템_최종\Mart_DataProcess\main.cpp(263,1): warning C4996:  'strcpy': This function or variable may be unsafe. Consider using strcpy_s instead. To disable deprecation, use _CRT_SECURE_NO_WARNINGS. See online help for details.
  코드를 생성하고 있습니다...
C:\Program Files (x86)\Windows Kits\10\Include\10.0.18362.0\ucrt\string.h(133): message :  'strcpy' 선언을 참조하십시오.
D:\Programing\Cpp\마트관리시스템_최종\Mart_DataProcess\main.cpp(233): warning C4172:  지역 변수 또는 임시: SUB의 주소를 반환하고 있습니다.
D:\Programing\Cpp\마트관리시스템_최종\Mart_DataProcess\main.cpp(221): warning C4172:  지역 변수 또는 임시: ADD의 주소를 반환하고 있습니다.
  Mart_DataProcess.vcxproj -> D:\Programing\Cpp\마트관리시스템_최종\x64\Debug\Mart_DataProcess.exe
