c:\users\leegh\downloads\마트ver6.3\마트_판매,정산 수정 완료\마트관리ver2\x64\debug\vc141.pdb
c:\users\leegh\downloads\마트ver6.3\마트_판매,정산 수정 완료\마트관리ver2\x64\debug\vc141.idb
c:\users\leegh\downloads\마트ver6.3\마트_판매,정산 수정 완료\마트관리ver2\x64\debug\main.obj
c:\users\leegh\downloads\마트ver6.3\마트_판매,정산 수정 완료\마트관리ver2\x64\debug\table.obj
c:\users\leegh\downloads\마트ver6.3\마트_판매,정산 수정 완료\마트관리ver2\x64\debug\record.obj
c:\users\leegh\downloads\마트ver6.3\마트_판매,정산 수정 완료\마트관리ver2\x64\debug\queue.obj
c:\users\leegh\downloads\마트ver6.3\마트_판매,정산 수정 완료\x64\debug\마트관리ver2.exe
c:\users\leegh\downloads\마트ver6.3\마트_판매,정산 수정 완료\x64\debug\마트관리ver2.ilk
c:\users\leegh\downloads\마트ver6.3\마트_판매,정산 수정 완료\x64\debug\마트관리ver2.pdb
c:\users\leegh\downloads\마트ver6.3\마트_판매,정산 수정 완료\마트관리ver2\x64\debug\마트관리ver2.res
c:\users\leegh\downloads\마트ver6.3\마트_판매,정산 수정 완료\마트관리ver2\x64\debug\소스.obj
c:\users\leegh\downloads\마트ver6.3\마트_판매,정산 수정 완료\마트관리ver2\x64\debug\마트관리ver2.tlog\cl.command.1.tlog
c:\users\leegh\downloads\마트ver6.3\마트_판매,정산 수정 완료\마트관리ver2\x64\debug\마트관리ver2.tlog\cl.read.1.tlog
c:\users\leegh\downloads\마트ver6.3\마트_판매,정산 수정 완료\마트관리ver2\x64\debug\마트관리ver2.tlog\cl.write.1.tlog
c:\users\leegh\downloads\마트ver6.3\마트_판매,정산 수정 완료\마트관리ver2\x64\debug\마트관리ver2.tlog\link.command.1.tlog
c:\users\leegh\downloads\마트ver6.3\마트_판매,정산 수정 완료\마트관리ver2\x64\debug\마트관리ver2.tlog\link.read.1.tlog
c:\users\leegh\downloads\마트ver6.3\마트_판매,정산 수정 완료\마트관리ver2\x64\debug\마트관리ver2.tlog\link.write.1.tlog
c:\users\leegh\downloads\마트ver6.3\마트_판매,정산 수정 완료\마트관리ver2\x64\debug\마트관리ver2.tlog\rc.command.1.tlog
c:\users\leegh\downloads\마트ver6.3\마트_판매,정산 수정 완료\마트관리ver2\x64\debug\마트관리ver2.tlog\rc.read.1.tlog
c:\users\leegh\downloads\마트ver6.3\마트_판매,정산 수정 완료\마트관리ver2\x64\debug\마트관리ver2.tlog\rc.write.1.tlog
